2022-03-27 15:27:51,618 DEBUG [main] Logs:16 - Log4j appender configuration is successful !!
 2022-03-27 15:27:51,623  INFO [main] Logs:26 - ******************************************************************************************************
 2022-03-27 15:27:51,623  INFO [main] Logs:27 - ***************************                                                  *************************
 2022-03-27 15:27:51,626  INFO [main] Logs:29 - +++++++++++++++++++++++++++  test_LoginWithUserAndVerifyLoggedInFlow  ++++++++++++++++++++++++++
 2022-03-27 15:27:51,626  INFO [main] Logs:31 - ***************************                                                   *************************
 2022-03-27 15:27:51,628  INFO [main] Logs:32 - *******************************************************************************************************
 2022-03-27 15:27:51,717  INFO [main] Logs:51 - All Cookies Deleted
 2022-03-27 15:27:51,984  INFO [main] Logs:51 - Hover On Sign In Link
 2022-03-27 15:27:53,957  INFO [main] Logs:51 - Click On Sign In Button
 2022-03-27 15:27:55,023  INFO [main] Logs:51 - Email Typed Successfully
 2022-03-27 15:27:56,620  INFO [main] Logs:51 - Continue Button Pressed Successfully
 2022-03-27 15:27:56,873  INFO [main] Logs:51 - Password Typed Successfully
 2022-03-27 15:27:57,110  INFO [main] Logs:51 - Submit Button Pressed Successfully
 2022-03-27 15:28:00,401  INFO [main] Logs:51 - Verify Sign In User
 2022-03-27 15:28:00,402  INFO [main] Logs:41 - +++++++++++++++++++++++                                 -E---N---D-             ++++++++++++++++++++++
 2022-03-27 15:28:00,403  INFO [main] Logs:42 - +++++++++++++++++++++++             test_LoginWithUserAndVerifyLoggedInFlow             ++++++++++++++++++++++
 2022-03-27 16:57:29,779 DEBUG [main] Logs:16 - Log4j appender configuration is successful !!
 2022-03-27 16:57:29,786  INFO [main] Logs:26 - ******************************************************************************************************
 2022-03-27 16:57:29,786  INFO [main] Logs:27 - ***************************                                                  *************************
 2022-03-27 16:57:29,788  INFO [main] Logs:29 - +++++++++++++++++++++++++++  test_LoginWithUserAndVerifyLoggedInFlow  ++++++++++++++++++++++++++
 2022-03-27 16:57:29,788  INFO [main] Logs:31 - ***************************                                                   *************************
 2022-03-27 16:57:29,788  INFO [main] Logs:32 - *******************************************************************************************************
 2022-03-27 16:57:29,851  INFO [main] Logs:51 - All Cookies Deleted
 2022-03-27 16:57:30,063  INFO [main] Logs:51 - Hover On Sign In Link
 2022-03-27 16:57:31,735  INFO [main] Logs:51 - Click On Sign In Button
 2022-03-27 16:57:31,911  INFO [main] Logs:51 - Email Typed Successfully
 2022-03-27 16:57:34,469  INFO [main] Logs:51 - Continue Button Pressed Successfully
 2022-03-27 16:57:34,601  INFO [main] Logs:51 - Password Typed Successfully
 2022-03-27 16:57:34,786  INFO [main] Logs:51 - Submit Button Pressed Successfully
 2022-03-27 16:57:37,649  INFO [main] Logs:51 - Verify Sign In User
 2022-03-27 16:57:37,650  INFO [main] Logs:41 - +++++++++++++++++++++++                                 -E---N---D-             ++++++++++++++++++++++
 2022-03-27 16:57:37,650  INFO [main] Logs:42 - +++++++++++++++++++++++             test_LoginWithUserAndVerifyLoggedInFlow             ++++++++++++++++++++++
 2022-03-27 16:57:37,652  INFO [main] Logs:26 - ******************************************************************************************************
 2022-03-27 16:57:37,652  INFO [main] Logs:27 - ***************************                                                  *************************
 2022-03-27 16:57:37,652  INFO [main] Logs:29 - +++++++++++++++++++++++++++  test_SearchForProduct  ++++++++++++++++++++++++++
 2022-03-27 16:57:37,652  INFO [main] Logs:31 - ***************************                                                   *************************
 2022-03-27 16:57:37,652  INFO [main] Logs:32 - *******************************************************************************************************
 2022-03-27 17:02:26,353 DEBUG [main] Logs:16 - Log4j appender configuration is successful !!
 2022-03-27 17:02:26,359  INFO [main] Logs:26 - ******************************************************************************************************
 2022-03-27 17:02:26,360  INFO [main] Logs:27 - ***************************                                                  *************************
 2022-03-27 17:02:26,370  INFO [main] Logs:29 - +++++++++++++++++++++++++++  test_LoginWithUserAndVerifyLoggedInFlow  ++++++++++++++++++++++++++
 2022-03-27 17:02:26,371  INFO [main] Logs:31 - ***************************                                                   *************************
 2022-03-27 17:02:26,372  INFO [main] Logs:32 - *******************************************************************************************************
 2022-03-27 17:02:26,449  INFO [main] Logs:51 - All Cookies Deleted
 2022-03-27 17:02:26,626  INFO [main] Logs:51 - Hover On Sign In Link
 2022-03-27 17:02:28,488  INFO [main] Logs:51 - Click On Sign In Button
 2022-03-27 17:02:28,652  INFO [main] Logs:51 - Email Typed Successfully
 2022-03-27 17:02:30,241  INFO [main] Logs:51 - Continue Button Pressed Successfully
 2022-03-27 17:02:30,379  INFO [main] Logs:51 - Password Typed Successfully
 2022-03-27 17:02:30,552  INFO [main] Logs:51 - Submit Button Pressed Successfully
 2022-03-27 17:02:33,571  INFO [main] Logs:51 - Verify Sign In User
 2022-03-27 17:02:33,572  INFO [main] Logs:41 - +++++++++++++++++++++++                                 -E---N---D-             ++++++++++++++++++++++
 2022-03-27 17:02:33,573  INFO [main] Logs:42 - +++++++++++++++++++++++             test_LoginWithUserAndVerifyLoggedInFlow             ++++++++++++++++++++++
 2022-03-27 17:02:33,574  INFO [main] Logs:26 - ******************************************************************************************************
 2022-03-27 17:02:33,574  INFO [main] Logs:27 - ***************************                                                  *************************
 2022-03-27 17:02:33,574  INFO [main] Logs:29 - +++++++++++++++++++++++++++  test_SearchForProduct  ++++++++++++++++++++++++++
 2022-03-27 17:02:33,574  INFO [main] Logs:31 - ***************************                                                   *************************
 2022-03-27 17:02:33,575  INFO [main] Logs:32 - *******************************************************************************************************
 2022-03-27 17:05:44,389 DEBUG [main] Logs:16 - Log4j appender configuration is successful !!
 2022-03-27 17:05:44,398  INFO [main] Logs:26 - ******************************************************************************************************
 2022-03-27 17:05:44,398  INFO [main] Logs:27 - ***************************                                                  *************************
 2022-03-27 17:05:44,403  INFO [main] Logs:29 - +++++++++++++++++++++++++++  test_LoginWithUserAndVerifyLoggedInFlow  ++++++++++++++++++++++++++
 2022-03-27 17:05:44,403  INFO [main] Logs:31 - ***************************                                                   *************************
 2022-03-27 17:05:44,409  INFO [main] Logs:32 - *******************************************************************************************************
 2022-03-27 17:05:44,502  INFO [main] Logs:51 - All Cookies Deleted
 2022-03-27 17:05:44,719  INFO [main] Logs:51 - Hover On Sign In Link
 2022-03-27 17:05:47,314  INFO [main] Logs:51 - Click On Sign In Button
 2022-03-27 17:05:47,501  INFO [main] Logs:51 - Email Typed Successfully
 2022-03-27 17:05:48,799  INFO [main] Logs:51 - Continue Button Pressed Successfully
 2022-03-27 17:05:48,946  INFO [main] Logs:51 - Password Typed Successfully
 2022-03-27 17:05:49,087  INFO [main] Logs:51 - Submit Button Pressed Successfully
 2022-03-27 17:05:51,788  INFO [main] Logs:51 - Verify Sign In User
 2022-03-27 17:05:51,789  INFO [main] Logs:41 - +++++++++++++++++++++++                                 -E---N---D-             ++++++++++++++++++++++
 2022-03-27 17:05:51,790  INFO [main] Logs:42 - +++++++++++++++++++++++             test_LoginWithUserAndVerifyLoggedInFlow             ++++++++++++++++++++++
 2022-03-27 17:05:51,794  INFO [main] Logs:26 - ******************************************************************************************************
 2022-03-27 17:05:51,795  INFO [main] Logs:27 - ***************************                                                  *************************
 2022-03-27 17:05:51,795  INFO [main] Logs:29 - +++++++++++++++++++++++++++  test_SearchForProduct  ++++++++++++++++++++++++++
 2022-03-27 17:05:51,795  INFO [main] Logs:31 - ***************************                                                   *************************
 2022-03-27 17:05:51,795  INFO [main] Logs:32 - *******************************************************************************************************
 2022-03-27 17:14:23,863 DEBUG [main] Logs:16 - Log4j appender configuration is successful !!
 2022-03-27 17:14:23,868  INFO [main] Logs:26 - ******************************************************************************************************
 2022-03-27 17:14:23,869  INFO [main] Logs:27 - ***************************                                                  *************************
 2022-03-27 17:14:23,871  INFO [main] Logs:29 - +++++++++++++++++++++++++++  test_LoginWithUserAndVerifyLoggedInFlow  ++++++++++++++++++++++++++
 2022-03-27 17:14:23,871  INFO [main] Logs:31 - ***************************                                                   *************************
 2022-03-27 17:14:23,874  INFO [main] Logs:32 - *******************************************************************************************************
 2022-03-27 17:14:23,953  INFO [main] Logs:51 - All Cookies Deleted
 2022-03-27 17:14:24,141  INFO [main] Logs:51 - Hover On Sign In Link
 2022-03-27 17:14:57,593 DEBUG [main] Logs:16 - Log4j appender configuration is successful !!
 2022-03-27 17:14:57,596  INFO [main] Logs:26 - ******************************************************************************************************
 2022-03-27 17:14:57,596  INFO [main] Logs:27 - ***************************                                                  *************************
 2022-03-27 17:14:57,598  INFO [main] Logs:29 - +++++++++++++++++++++++++++  test_LoginWithUserAndVerifyLoggedInFlow  ++++++++++++++++++++++++++
 2022-03-27 17:14:57,600  INFO [main] Logs:31 - ***************************                                                   *************************
 2022-03-27 17:14:57,600  INFO [main] Logs:32 - *******************************************************************************************************
 2022-03-27 17:14:57,687  INFO [main] Logs:51 - All Cookies Deleted
 2022-03-27 17:14:57,872  INFO [main] Logs:51 - Hover On Sign In Link
 2022-03-27 17:24:45,322 DEBUG [main] Logs:16 - Log4j appender configuration is successful !!
 2022-03-27 17:24:45,344  INFO [main] Logs:26 - ******************************************************************************************************
 2022-03-27 17:24:45,345  INFO [main] Logs:27 - ***************************                                                  *************************
 2022-03-27 17:24:45,357  INFO [main] Logs:29 - +++++++++++++++++++++++++++  test_LoginWithUserAndVerifyLoggedInFlow  ++++++++++++++++++++++++++
 2022-03-27 17:24:45,358  INFO [main] Logs:31 - ***************************                                                   *************************
 2022-03-27 17:24:45,360  INFO [main] Logs:32 - *******************************************************************************************************
 2022-03-27 17:24:45,591  INFO [main] Logs:51 - All Cookies Deleted
 2022-03-27 17:24:46,060  INFO [main] Logs:51 - Hover On Sign In Link
 2022-03-27 17:24:47,610  INFO [main] Logs:51 - Click On Sign In Button
 2022-03-27 17:24:47,946  INFO [main] Logs:51 - Email Typed Successfully
 2022-03-27 17:24:49,764  INFO [main] Logs:51 - Continue Button Pressed Successfully
 2022-03-27 17:24:49,930  INFO [main] Logs:51 - Password Typed Successfully
 2022-03-27 17:24:50,098  INFO [main] Logs:51 - Submit Button Pressed Successfully
 2022-03-27 17:24:52,674  INFO [main] Logs:51 - Verify Sign In User
 2022-03-27 17:24:52,676  INFO [main] Logs:41 - +++++++++++++++++++++++                                 -E---N---D-             ++++++++++++++++++++++
 2022-03-27 17:24:52,677  INFO [main] Logs:42 - +++++++++++++++++++++++             test_LoginWithUserAndVerifyLoggedInFlow             ++++++++++++++++++++++
 2022-03-27 17:24:52,678  INFO [main] Logs:26 - ******************************************************************************************************
 2022-03-27 17:24:52,679  INFO [main] Logs:27 - ***************************                                                  *************************
 2022-03-27 17:24:52,679  INFO [main] Logs:29 - +++++++++++++++++++++++++++  test_SearchForProduct  ++++++++++++++++++++++++++
 2022-03-27 17:24:52,679  INFO [main] Logs:31 - ***************************                                                   *************************
 2022-03-27 17:24:52,679  INFO [main] Logs:32 - *******************************************************************************************************
 2022-03-27 17:27:03,004 DEBUG [main] Logs:16 - Log4j appender configuration is successful !!
 2022-03-27 17:27:03,012  INFO [main] Logs:26 - ******************************************************************************************************
 2022-03-27 17:27:03,012  INFO [main] Logs:27 - ***************************                                                  *************************
 2022-03-27 17:27:03,015  INFO [main] Logs:29 - +++++++++++++++++++++++++++  test_LoginWithUserAndVerifyLoggedInFlow  ++++++++++++++++++++++++++
 2022-03-27 17:27:03,015  INFO [main] Logs:31 - ***************************                                                   *************************
 2022-03-27 17:27:03,016  INFO [main] Logs:32 - *******************************************************************************************************
 2022-03-27 17:27:03,380  INFO [main] Logs:51 - All Cookies Deleted
 2022-03-27 17:27:03,805  INFO [main] Logs:51 - Hover On Sign In Link
 2022-03-27 17:27:05,915  INFO [main] Logs:51 - Click On Sign In Button
 2022-03-27 17:27:06,382  INFO [main] Logs:51 - Email Typed Successfully
 2022-03-27 17:27:08,826  INFO [main] Logs:51 - Continue Button Pressed Successfully
 2022-03-27 17:27:09,086  INFO [main] Logs:51 - Password Typed Successfully
 2022-03-27 17:27:09,653  INFO [main] Logs:51 - Submit Button Pressed Successfully
 2022-03-27 17:27:12,896  INFO [main] Logs:51 - Verify Sign In User
 2022-03-27 17:27:12,898  INFO [main] Logs:41 - +++++++++++++++++++++++                                 -E---N---D-             ++++++++++++++++++++++
 2022-03-27 17:27:12,899  INFO [main] Logs:42 - +++++++++++++++++++++++             test_LoginWithUserAndVerifyLoggedInFlow             ++++++++++++++++++++++
 2022-03-27 17:27:12,901  INFO [main] Logs:26 - ******************************************************************************************************
 2022-03-27 17:27:12,901  INFO [main] Logs:27 - ***************************                                                  *************************
 2022-03-27 17:27:12,902  INFO [main] Logs:29 - +++++++++++++++++++++++++++  test_SearchForProduct  ++++++++++++++++++++++++++
 2022-03-27 17:27:12,902  INFO [main] Logs:31 - ***************************                                                   *************************
 2022-03-27 17:27:12,902  INFO [main] Logs:32 - *******************************************************************************************************
 2022-03-27 17:30:13,893 DEBUG [main] Logs:16 - Log4j appender configuration is successful !!
 2022-03-27 17:30:13,903  INFO [main] Logs:26 - ******************************************************************************************************
 2022-03-27 17:30:13,903  INFO [main] Logs:27 - ***************************                                                  *************************
 2022-03-27 17:30:13,914  INFO [main] Logs:29 - +++++++++++++++++++++++++++  test_LoginWithUserAndVerifyLoggedInFlow  ++++++++++++++++++++++++++
 2022-03-27 17:30:13,914  INFO [main] Logs:31 - ***************************                                                   *************************
 2022-03-27 17:30:13,922  INFO [main] Logs:32 - *******************************************************************************************************
 2022-03-27 17:30:13,992  INFO [main] Logs:51 - All Cookies Deleted
 2022-03-27 17:30:14,289  INFO [main] Logs:51 - Hover On Sign In Link
 2022-03-27 17:30:16,469  INFO [main] Logs:51 - Click On Sign In Button
 2022-03-27 17:30:16,605  INFO [main] Logs:51 - Email Typed Successfully
 2022-03-27 17:30:18,209  INFO [main] Logs:51 - Continue Button Pressed Successfully
 2022-03-27 17:30:18,320  INFO [main] Logs:51 - Password Typed Successfully
 2022-03-27 17:30:18,471  INFO [main] Logs:51 - Submit Button Pressed Successfully
 2022-03-27 17:30:21,686  INFO [main] Logs:51 - Verify Sign In User
 2022-03-27 17:30:21,687  INFO [main] Logs:41 - +++++++++++++++++++++++                                 -E---N---D-             ++++++++++++++++++++++
 2022-03-27 17:30:21,688  INFO [main] Logs:42 - +++++++++++++++++++++++             test_LoginWithUserAndVerifyLoggedInFlow             ++++++++++++++++++++++
 2022-03-27 17:30:21,690  INFO [main] Logs:26 - ******************************************************************************************************
 2022-03-27 17:30:21,690  INFO [main] Logs:27 - ***************************                                                  *************************
 2022-03-27 17:30:21,690  INFO [main] Logs:29 - +++++++++++++++++++++++++++  test_SearchForProduct  ++++++++++++++++++++++++++
 2022-03-27 17:30:21,690  INFO [main] Logs:31 - ***************************                                                   *************************
 2022-03-27 17:30:21,691  INFO [main] Logs:32 - *******************************************************************************************************
 2022-03-27 17:31:49,325 DEBUG [main] Logs:16 - Log4j appender configuration is successful !!
 2022-03-27 17:31:49,329  INFO [main] Logs:26 - ******************************************************************************************************
 2022-03-27 17:31:49,330  INFO [main] Logs:27 - ***************************                                                  *************************
 2022-03-27 17:31:49,335  INFO [main] Logs:29 - +++++++++++++++++++++++++++  test_LoginWithUserAndVerifyLoggedInFlow  ++++++++++++++++++++++++++
 2022-03-27 17:31:49,335  INFO [main] Logs:31 - ***************************                                                   *************************
 2022-03-27 17:31:49,336  INFO [main] Logs:32 - *******************************************************************************************************
 2022-03-27 17:31:49,397  INFO [main] Logs:51 - All Cookies Deleted
 2022-03-27 17:31:49,589  INFO [main] Logs:51 - Hover On Sign In Link
 2022-03-27 17:32:28,368 DEBUG [main] Logs:16 - Log4j appender configuration is successful !!
 2022-03-27 17:32:28,371  INFO [main] Logs:26 - ******************************************************************************************************
 2022-03-27 17:32:28,371  INFO [main] Logs:27 - ***************************                                                  *************************
 2022-03-27 17:32:28,377  INFO [main] Logs:29 - +++++++++++++++++++++++++++  test_LoginWithUserAndVerifyLoggedInFlow  ++++++++++++++++++++++++++
 2022-03-27 17:32:28,378  INFO [main] Logs:31 - ***************************                                                   *************************
 2022-03-27 17:32:28,379  INFO [main] Logs:32 - *******************************************************************************************************
 2022-03-27 17:32:28,433  INFO [main] Logs:51 - All Cookies Deleted
 2022-03-27 17:32:28,625  INFO [main] Logs:51 - Hover On Sign In Link
 2022-03-27 17:32:30,268  INFO [main] Logs:51 - Click On Sign In Button
 2022-03-27 17:32:30,438  INFO [main] Logs:51 - Email Typed Successfully
 2022-03-27 17:32:31,926  INFO [main] Logs:51 - Continue Button Pressed Successfully
 2022-03-27 17:32:32,062  INFO [main] Logs:51 - Password Typed Successfully
 2022-03-27 17:32:32,233  INFO [main] Logs:51 - Submit Button Pressed Successfully
 2022-03-27 17:32:34,762  INFO [main] Logs:51 - Verify Sign In User
 2022-03-27 17:32:34,763  INFO [main] Logs:41 - +++++++++++++++++++++++                                 -E---N---D-             ++++++++++++++++++++++
 2022-03-27 17:32:34,764  INFO [main] Logs:42 - +++++++++++++++++++++++             test_LoginWithUserAndVerifyLoggedInFlow             ++++++++++++++++++++++
 2022-03-27 17:32:34,766  INFO [main] Logs:26 - ******************************************************************************************************
 2022-03-27 17:32:34,767  INFO [main] Logs:27 - ***************************                                                  *************************
 2022-03-27 17:32:34,767  INFO [main] Logs:29 - +++++++++++++++++++++++++++  test_SearchForProduct  ++++++++++++++++++++++++++
 2022-03-27 17:32:34,767  INFO [main] Logs:31 - ***************************                                                   *************************
 2022-03-27 17:32:34,767  INFO [main] Logs:32 - *******************************************************************************************************
 2022-03-27 17:33:12,761 DEBUG [main] Logs:16 - Log4j appender configuration is successful !!
 2022-03-27 17:33:12,767  INFO [main] Logs:26 - ******************************************************************************************************
 2022-03-27 17:33:12,767  INFO [main] Logs:27 - ***************************                                                  *************************
 2022-03-27 17:33:12,769  INFO [main] Logs:29 - +++++++++++++++++++++++++++  test_LoginWithUserAndVerifyLoggedInFlow  ++++++++++++++++++++++++++
 2022-03-27 17:33:12,769  INFO [main] Logs:31 - ***************************                                                   *************************
 2022-03-27 17:33:12,770  INFO [main] Logs:32 - *******************************************************************************************************
 2022-03-27 17:33:12,888  INFO [main] Logs:51 - All Cookies Deleted
 2022-03-27 17:33:13,077  INFO [main] Logs:51 - Hover On Sign In Link
 2022-03-27 17:33:15,236  INFO [main] Logs:51 - Click On Sign In Button
 2022-03-27 17:33:15,412  INFO [main] Logs:51 - Email Typed Successfully
 2022-03-27 17:33:16,586  INFO [main] Logs:51 - Continue Button Pressed Successfully
 2022-03-27 17:33:16,775  INFO [main] Logs:51 - Password Typed Successfully
 2022-03-27 17:33:17,155  INFO [main] Logs:51 - Submit Button Pressed Successfully
 2022-03-27 17:33:19,179  INFO [main] Logs:51 - Verify Sign In User
 2022-03-27 17:33:19,182  INFO [main] Logs:41 - +++++++++++++++++++++++                                 -E---N---D-             ++++++++++++++++++++++
 2022-03-27 17:33:19,183  INFO [main] Logs:42 - +++++++++++++++++++++++             test_LoginWithUserAndVerifyLoggedInFlow             ++++++++++++++++++++++
 2022-03-27 17:33:19,186  INFO [main] Logs:26 - ******************************************************************************************************
 2022-03-27 17:33:19,186  INFO [main] Logs:27 - ***************************                                                  *************************
 2022-03-27 17:33:19,187  INFO [main] Logs:29 - +++++++++++++++++++++++++++  test_SearchForProduct  ++++++++++++++++++++++++++
 2022-03-27 17:33:19,187  INFO [main] Logs:31 - ***************************                                                   *************************
 2022-03-27 17:33:19,187  INFO [main] Logs:32 - *******************************************************************************************************
 2022-03-27 18:05:26,098 DEBUG [main] Logs:16 - Log4j appender configuration is successful !!
 2022-03-27 18:05:26,105  INFO [main] Logs:26 - ******************************************************************************************************
 2022-03-27 18:05:26,105  INFO [main] Logs:27 - ***************************                                                  *************************
 2022-03-27 18:05:26,106  INFO [main] Logs:29 - +++++++++++++++++++++++++++  test_LoginWithUserAndVerifyLoggedInFlow  ++++++++++++++++++++++++++
 2022-03-27 18:05:26,106  INFO [main] Logs:31 - ***************************                                                   *************************
 2022-03-27 18:05:26,107  INFO [main] Logs:32 - *******************************************************************************************************
 2022-03-27 18:05:26,176  INFO [main] Logs:51 - All Cookies Deleted
 2022-03-27 18:05:26,397  INFO [main] Logs:51 - Hover On Sign In Link
 2022-03-27 18:05:27,866  INFO [main] Logs:51 - Click On Sign In Button
 2022-03-27 18:05:28,081  INFO [main] Logs:51 - Email Typed Successfully
 2022-03-27 18:05:29,760  INFO [main] Logs:51 - Continue Button Pressed Successfully
 2022-03-27 18:05:29,904  INFO [main] Logs:51 - Password Typed Successfully
 2022-03-27 18:05:30,080  INFO [main] Logs:51 - Submit Button Pressed Successfully
 2022-03-27 18:05:32,513  INFO [main] Logs:51 - Verify Sign In User
 2022-03-27 18:05:32,514  INFO [main] Logs:41 - +++++++++++++++++++++++                                 -E---N---D-             ++++++++++++++++++++++
 2022-03-27 18:05:32,516  INFO [main] Logs:42 - +++++++++++++++++++++++             test_LoginWithUserAndVerifyLoggedInFlow             ++++++++++++++++++++++
 2022-03-27 18:05:32,518  INFO [main] Logs:26 - ******************************************************************************************************
 2022-03-27 18:05:32,518  INFO [main] Logs:27 - ***************************                                                  *************************
 2022-03-27 18:05:32,518  INFO [main] Logs:29 - +++++++++++++++++++++++++++  test_SearchForProduct  ++++++++++++++++++++++++++
 2022-03-27 18:05:32,519  INFO [main] Logs:31 - ***************************                                                   *************************
 2022-03-27 18:05:32,519  INFO [main] Logs:32 - *******************************************************************************************************
 2022-03-27 18:06:44,880 DEBUG [main] Logs:16 - Log4j appender configuration is successful !!
 2022-03-27 18:06:44,888  INFO [main] Logs:26 - ******************************************************************************************************
 2022-03-27 18:06:44,888  INFO [main] Logs:27 - ***************************                                                  *************************
 2022-03-27 18:06:44,891  INFO [main] Logs:29 - +++++++++++++++++++++++++++  test_LoginWithUserAndVerifyLoggedInFlow  ++++++++++++++++++++++++++
 2022-03-27 18:06:44,892  INFO [main] Logs:31 - ***************************                                                   *************************
 2022-03-27 18:06:44,894  INFO [main] Logs:32 - *******************************************************************************************************
 2022-03-27 18:06:44,998  INFO [main] Logs:51 - All Cookies Deleted
 2022-03-27 18:06:45,277  INFO [main] Logs:51 - Hover On Sign In Link
 2022-03-27 18:06:46,662  INFO [main] Logs:51 - Click On Sign In Button
 2022-03-27 18:06:46,880  INFO [main] Logs:51 - Email Typed Successfully
 2022-03-27 18:06:48,239  INFO [main] Logs:51 - Continue Button Pressed Successfully
 2022-03-27 18:06:48,387  INFO [main] Logs:51 - Password Typed Successfully
 2022-03-27 18:06:48,587  INFO [main] Logs:51 - Submit Button Pressed Successfully
 2022-03-27 18:06:51,101  INFO [main] Logs:51 - Verify Sign In User
 2022-03-27 18:06:51,103  INFO [main] Logs:41 - +++++++++++++++++++++++                                 -E---N---D-             ++++++++++++++++++++++
 2022-03-27 18:06:51,104  INFO [main] Logs:42 - +++++++++++++++++++++++             test_LoginWithUserAndVerifyLoggedInFlow             ++++++++++++++++++++++
 2022-03-27 18:06:51,106  INFO [main] Logs:26 - ******************************************************************************************************
 2022-03-27 18:06:51,106  INFO [main] Logs:27 - ***************************                                                  *************************
 2022-03-27 18:06:51,106  INFO [main] Logs:29 - +++++++++++++++++++++++++++  test_SearchForProduct  ++++++++++++++++++++++++++
 2022-03-27 18:06:51,106  INFO [main] Logs:31 - ***************************                                                   *************************
 2022-03-27 18:06:51,106  INFO [main] Logs:32 - *******************************************************************************************************
 2022-03-27 18:07:41,336 DEBUG [main] Logs:16 - Log4j appender configuration is successful !!
 2022-03-27 18:07:41,344  INFO [main] Logs:26 - ******************************************************************************************************
 2022-03-27 18:07:41,345  INFO [main] Logs:27 - ***************************                                                  *************************
 2022-03-27 18:07:41,346  INFO [main] Logs:29 - +++++++++++++++++++++++++++  test_LoginWithUserAndVerifyLoggedInFlow  ++++++++++++++++++++++++++
 2022-03-27 18:07:41,347  INFO [main] Logs:31 - ***************************                                                   *************************
 2022-03-27 18:07:41,347  INFO [main] Logs:32 - *******************************************************************************************************
 2022-03-27 18:07:41,402  INFO [main] Logs:51 - All Cookies Deleted
 2022-03-27 18:07:41,601  INFO [main] Logs:51 - Hover On Sign In Link
 2022-03-27 18:07:43,300  INFO [main] Logs:51 - Click On Sign In Button
 2022-03-27 18:07:43,583  INFO [main] Logs:51 - Email Typed Successfully
 2022-03-27 18:07:44,892  INFO [main] Logs:51 - Continue Button Pressed Successfully
 2022-03-27 18:07:45,021  INFO [main] Logs:51 - Password Typed Successfully
 2022-03-27 18:07:45,225  INFO [main] Logs:51 - Submit Button Pressed Successfully
 2022-03-27 18:07:48,382  INFO [main] Logs:51 - Verify Sign In User
 2022-03-27 18:07:48,383  INFO [main] Logs:41 - +++++++++++++++++++++++                                 -E---N---D-             ++++++++++++++++++++++
 2022-03-27 18:07:48,384  INFO [main] Logs:42 - +++++++++++++++++++++++             test_LoginWithUserAndVerifyLoggedInFlow             ++++++++++++++++++++++
 2022-03-27 18:07:48,386  INFO [main] Logs:26 - ******************************************************************************************************
 2022-03-27 18:07:48,387  INFO [main] Logs:27 - ***************************                                                  *************************
 2022-03-27 18:07:48,388  INFO [main] Logs:29 - +++++++++++++++++++++++++++  test_SearchForProduct  ++++++++++++++++++++++++++
 2022-03-27 18:07:48,390  INFO [main] Logs:31 - ***************************                                                   *************************
 2022-03-27 18:07:48,391  INFO [main] Logs:32 - *******************************************************************************************************
 2022-03-27 18:10:44,859 DEBUG [main] Logs:16 - Log4j appender configuration is successful !!
 2022-03-27 18:10:44,863  INFO [main] Logs:26 - ******************************************************************************************************
 2022-03-27 18:10:44,863  INFO [main] Logs:27 - ***************************                                                  *************************
 2022-03-27 18:10:44,868  INFO [main] Logs:29 - +++++++++++++++++++++++++++  test_LoginWithUserAndVerifyLoggedInFlow  ++++++++++++++++++++++++++
 2022-03-27 18:10:44,874  INFO [main] Logs:31 - ***************************                                                   *************************
 2022-03-27 18:10:44,876  INFO [main] Logs:32 - *******************************************************************************************************
 2022-03-27 18:10:45,056  INFO [main] Logs:51 - All Cookies Deleted
 2022-03-27 18:10:45,355  INFO [main] Logs:51 - Hover On Sign In Link
 2022-03-27 18:10:47,031  INFO [main] Logs:51 - Click On Sign In Button
 2022-03-27 18:10:47,226  INFO [main] Logs:51 - Email Typed Successfully
 2022-03-27 18:10:48,706  INFO [main] Logs:51 - Continue Button Pressed Successfully
 2022-03-27 18:10:48,835  INFO [main] Logs:51 - Password Typed Successfully
 2022-03-27 18:10:49,023  INFO [main] Logs:51 - Submit Button Pressed Successfully
 2022-03-27 18:10:52,175  INFO [main] Logs:51 - Verify Sign In User
 2022-03-27 18:10:52,178  INFO [main] Logs:41 - +++++++++++++++++++++++                                 -E---N---D-             ++++++++++++++++++++++
 2022-03-27 18:10:52,182  INFO [main] Logs:42 - +++++++++++++++++++++++             test_LoginWithUserAndVerifyLoggedInFlow             ++++++++++++++++++++++
 2022-03-27 18:10:52,183  INFO [main] Logs:26 - ******************************************************************************************************
 2022-03-27 18:10:52,184  INFO [main] Logs:27 - ***************************                                                  *************************
 2022-03-27 18:10:52,184  INFO [main] Logs:29 - +++++++++++++++++++++++++++  test_SearchForProduct  ++++++++++++++++++++++++++
 2022-03-27 18:10:52,184  INFO [main] Logs:31 - ***************************                                                   *************************
 2022-03-27 18:10:52,184  INFO [main] Logs:32 - *******************************************************************************************************
 2022-03-27 18:11:47,053 DEBUG [main] Logs:16 - Log4j appender configuration is successful !!
 2022-03-27 18:11:47,065  INFO [main] Logs:26 - ******************************************************************************************************
 2022-03-27 18:11:47,066  INFO [main] Logs:27 - ***************************                                                  *************************
 2022-03-27 18:11:47,069  INFO [main] Logs:29 - +++++++++++++++++++++++++++  test_LoginWithUserAndVerifyLoggedInFlow  ++++++++++++++++++++++++++
 2022-03-27 18:11:47,070  INFO [main] Logs:31 - ***************************                                                   *************************
 2022-03-27 18:11:47,071  INFO [main] Logs:32 - *******************************************************************************************************
 2022-03-27 18:11:47,139  INFO [main] Logs:51 - All Cookies Deleted
 2022-03-27 18:11:47,384  INFO [main] Logs:51 - Hover On Sign In Link
 2022-03-27 18:11:48,571  INFO [main] Logs:51 - Click On Sign In Button
 2022-03-27 18:11:48,814  INFO [main] Logs:51 - Email Typed Successfully
 2022-03-27 18:11:50,356  INFO [main] Logs:51 - Continue Button Pressed Successfully
 2022-03-27 18:11:50,621  INFO [main] Logs:51 - Password Typed Successfully
 2022-03-27 18:11:50,842  INFO [main] Logs:51 - Submit Button Pressed Successfully
 2022-03-27 18:11:52,949  INFO [main] Logs:51 - Verify Sign In User
 2022-03-27 18:11:52,949  INFO [main] Logs:41 - +++++++++++++++++++++++                                 -E---N---D-             ++++++++++++++++++++++
 2022-03-27 18:11:52,950  INFO [main] Logs:42 - +++++++++++++++++++++++             test_LoginWithUserAndVerifyLoggedInFlow             ++++++++++++++++++++++
 2022-03-27 18:11:52,951  INFO [main] Logs:26 - ******************************************************************************************************
 2022-03-27 18:11:52,951  INFO [main] Logs:27 - ***************************                                                  *************************
 2022-03-27 18:11:52,951  INFO [main] Logs:29 - +++++++++++++++++++++++++++  test_SearchForProduct  ++++++++++++++++++++++++++
 2022-03-27 18:11:52,951  INFO [main] Logs:31 - ***************************                                                   *************************
 2022-03-27 18:11:52,951  INFO [main] Logs:32 - *******************************************************************************************************
 2022-03-27 18:13:45,942 DEBUG [main] Logs:16 - Log4j appender configuration is successful !!
 2022-03-27 18:13:45,946  INFO [main] Logs:26 - ******************************************************************************************************
 2022-03-27 18:13:45,946  INFO [main] Logs:27 - ***************************                                                  *************************
 2022-03-27 18:13:45,948  INFO [main] Logs:29 - +++++++++++++++++++++++++++  test_LoginWithUserAndVerifyLoggedInFlow  ++++++++++++++++++++++++++
 2022-03-27 18:13:45,948  INFO [main] Logs:31 - ***************************                                                   *************************
 2022-03-27 18:13:45,949  INFO [main] Logs:32 - *******************************************************************************************************
 2022-03-27 18:13:46,015  INFO [main] Logs:51 - All Cookies Deleted
 2022-03-27 18:13:46,252  INFO [main] Logs:51 - Hover On Sign In Link
 2022-03-27 18:13:48,819  INFO [main] Logs:51 - Click On Sign In Button
 2022-03-27 18:13:48,992  INFO [main] Logs:51 - Email Typed Successfully
 2022-03-27 18:13:50,638  INFO [main] Logs:51 - Continue Button Pressed Successfully
 2022-03-27 18:13:50,778  INFO [main] Logs:51 - Password Typed Successfully
 2022-03-27 18:13:50,885  INFO [main] Logs:51 - Submit Button Pressed Successfully
 2022-03-27 18:13:54,630  INFO [main] Logs:51 - Verify Sign In User
 2022-03-27 18:13:54,630  INFO [main] Logs:41 - +++++++++++++++++++++++                                 -E---N---D-             ++++++++++++++++++++++
 2022-03-27 18:13:54,647  INFO [main] Logs:42 - +++++++++++++++++++++++             test_LoginWithUserAndVerifyLoggedInFlow             ++++++++++++++++++++++
 2022-03-27 18:13:54,651  INFO [main] Logs:26 - ******************************************************************************************************
 2022-03-27 18:13:54,651  INFO [main] Logs:27 - ***************************                                                  *************************
 2022-03-27 18:13:54,651  INFO [main] Logs:29 - +++++++++++++++++++++++++++  test_SearchForProduct  ++++++++++++++++++++++++++
 2022-03-27 18:13:54,651  INFO [main] Logs:31 - ***************************                                                   *************************
 2022-03-27 18:13:54,651  INFO [main] Logs:32 - *******************************************************************************************************
 2022-03-27 18:15:24,289 DEBUG [main] Logs:16 - Log4j appender configuration is successful !!
 2022-03-27 18:15:24,291  INFO [main] Logs:26 - ******************************************************************************************************
 2022-03-27 18:15:24,292  INFO [main] Logs:27 - ***************************                                                  *************************
 2022-03-27 18:15:24,297  INFO [main] Logs:29 - +++++++++++++++++++++++++++  test_LoginWithUserAndVerifyLoggedInFlow  ++++++++++++++++++++++++++
 2022-03-27 18:15:24,300  INFO [main] Logs:31 - ***************************                                                   *************************
 2022-03-27 18:15:24,302  INFO [main] Logs:32 - *******************************************************************************************************
 2022-03-27 18:15:24,380  INFO [main] Logs:51 - All Cookies Deleted
 2022-03-27 18:15:24,578  INFO [main] Logs:51 - Hover On Sign In Link
 2022-03-27 18:15:25,889  INFO [main] Logs:51 - Click On Sign In Button
 2022-03-27 18:15:26,089  INFO [main] Logs:51 - Email Typed Successfully
 2022-03-27 18:15:27,635  INFO [main] Logs:51 - Continue Button Pressed Successfully
 2022-03-27 18:15:27,760  INFO [main] Logs:51 - Password Typed Successfully
 2022-03-27 18:15:27,956  INFO [main] Logs:51 - Submit Button Pressed Successfully
 2022-03-27 18:15:29,927  INFO [main] Logs:51 - Verify Sign In User
 2022-03-27 18:15:29,927  INFO [main] Logs:41 - +++++++++++++++++++++++                                 -E---N---D-             ++++++++++++++++++++++
 2022-03-27 18:15:29,928  INFO [main] Logs:42 - +++++++++++++++++++++++             test_LoginWithUserAndVerifyLoggedInFlow             ++++++++++++++++++++++
 2022-03-27 18:15:29,932  INFO [main] Logs:26 - ******************************************************************************************************
 2022-03-27 18:15:29,932  INFO [main] Logs:27 - ***************************                                                  *************************
 2022-03-27 18:15:29,932  INFO [main] Logs:29 - +++++++++++++++++++++++++++  test_SearchForProduct  ++++++++++++++++++++++++++
 2022-03-27 18:15:29,932  INFO [main] Logs:31 - ***************************                                                   *************************
 2022-03-27 18:15:29,932  INFO [main] Logs:32 - *******************************************************************************************************
 2022-03-27 18:16:36,352 DEBUG [main] Logs:16 - Log4j appender configuration is successful !!
 2022-03-27 18:16:36,357  INFO [main] Logs:26 - ******************************************************************************************************
 2022-03-27 18:16:36,357  INFO [main] Logs:27 - ***************************                                                  *************************
 2022-03-27 18:16:36,359  INFO [main] Logs:29 - +++++++++++++++++++++++++++  test_LoginWithUserAndVerifyLoggedInFlow  ++++++++++++++++++++++++++
 2022-03-27 18:16:36,359  INFO [main] Logs:31 - ***************************                                                   *************************
 2022-03-27 18:16:36,360  INFO [main] Logs:32 - *******************************************************************************************************
 2022-03-27 18:16:36,418  INFO [main] Logs:51 - All Cookies Deleted
 2022-03-27 18:16:36,612  INFO [main] Logs:51 - Hover On Sign In Link
 2022-03-27 18:16:38,076  INFO [main] Logs:51 - Click On Sign In Button
 2022-03-27 18:16:38,370  INFO [main] Logs:51 - Email Typed Successfully
 2022-03-27 18:16:39,657  INFO [main] Logs:51 - Continue Button Pressed Successfully
 2022-03-27 18:16:39,805  INFO [main] Logs:51 - Password Typed Successfully
 2022-03-27 18:16:39,978  INFO [main] Logs:51 - Submit Button Pressed Successfully
 2022-03-27 18:16:42,492  INFO [main] Logs:51 - Verify Sign In User
 2022-03-27 18:16:42,493  INFO [main] Logs:41 - +++++++++++++++++++++++                                 -E---N---D-             ++++++++++++++++++++++
 2022-03-27 18:16:42,494  INFO [main] Logs:42 - +++++++++++++++++++++++             test_LoginWithUserAndVerifyLoggedInFlow             ++++++++++++++++++++++
 2022-03-27 18:16:42,495  INFO [main] Logs:26 - ******************************************************************************************************
 2022-03-27 18:16:42,495  INFO [main] Logs:27 - ***************************                                                  *************************
 2022-03-27 18:16:42,495  INFO [main] Logs:29 - +++++++++++++++++++++++++++  test_SearchForProduct  ++++++++++++++++++++++++++
 2022-03-27 18:16:42,496  INFO [main] Logs:31 - ***************************                                                   *************************
 2022-03-27 18:16:42,496  INFO [main] Logs:32 - *******************************************************************************************************
 2022-03-27 18:17:17,814 DEBUG [main] Logs:16 - Log4j appender configuration is successful !!
 2022-03-27 18:17:17,820  INFO [main] Logs:26 - ******************************************************************************************************
 2022-03-27 18:17:17,821  INFO [main] Logs:27 - ***************************                                                  *************************
 2022-03-27 18:17:17,826  INFO [main] Logs:29 - +++++++++++++++++++++++++++  test_LoginWithUserAndVerifyLoggedInFlow  ++++++++++++++++++++++++++
 2022-03-27 18:17:17,827  INFO [main] Logs:31 - ***************************                                                   *************************
 2022-03-27 18:17:17,827  INFO [main] Logs:32 - *******************************************************************************************************
 2022-03-27 18:17:17,951  INFO [main] Logs:51 - All Cookies Deleted
 2022-03-27 18:17:18,137  INFO [main] Logs:51 - Hover On Sign In Link
 2022-03-27 18:17:19,810  INFO [main] Logs:51 - Click On Sign In Button
 2022-03-27 18:17:20,215  INFO [main] Logs:51 - Email Typed Successfully
 2022-03-27 18:17:21,600  INFO [main] Logs:51 - Continue Button Pressed Successfully
 2022-03-27 18:17:21,733  INFO [main] Logs:51 - Password Typed Successfully
 2022-03-27 18:17:21,902  INFO [main] Logs:51 - Submit Button Pressed Successfully
 2022-03-27 18:17:24,014  INFO [main] Logs:51 - Verify Sign In User
 2022-03-27 18:17:24,015  INFO [main] Logs:41 - +++++++++++++++++++++++                                 -E---N---D-             ++++++++++++++++++++++
 2022-03-27 18:17:24,016  INFO [main] Logs:42 - +++++++++++++++++++++++             test_LoginWithUserAndVerifyLoggedInFlow             ++++++++++++++++++++++
 2022-03-27 18:17:24,017  INFO [main] Logs:26 - ******************************************************************************************************
 2022-03-27 18:17:24,017  INFO [main] Logs:27 - ***************************                                                  *************************
 2022-03-27 18:17:24,018  INFO [main] Logs:29 - +++++++++++++++++++++++++++  test_SearchForProduct  ++++++++++++++++++++++++++
 2022-03-27 18:17:24,018  INFO [main] Logs:31 - ***************************                                                   *************************
 2022-03-27 18:17:24,018  INFO [main] Logs:32 - *******************************************************************************************************
 2022-03-27 18:18:28,255 DEBUG [main] Logs:16 - Log4j appender configuration is successful !!
 2022-03-27 18:18:28,263  INFO [main] Logs:26 - ******************************************************************************************************
 2022-03-27 18:18:28,263  INFO [main] Logs:27 - ***************************                                                  *************************
 2022-03-27 18:18:28,269  INFO [main] Logs:29 - +++++++++++++++++++++++++++  test_LoginWithUserAndVerifyLoggedInFlow  ++++++++++++++++++++++++++
 2022-03-27 18:18:28,270  INFO [main] Logs:31 - ***************************                                                   *************************
 2022-03-27 18:18:28,272  INFO [main] Logs:32 - *******************************************************************************************************
 2022-03-27 18:18:28,383  INFO [main] Logs:51 - All Cookies Deleted
 2022-03-27 18:18:28,672  INFO [main] Logs:51 - Hover On Sign In Link
 2022-03-27 18:18:29,999  INFO [main] Logs:51 - Click On Sign In Button
 2022-03-27 18:18:30,300  INFO [main] Logs:51 - Email Typed Successfully
 2022-03-27 18:18:32,023  INFO [main] Logs:51 - Continue Button Pressed Successfully
 2022-03-27 18:18:32,160  INFO [main] Logs:51 - Password Typed Successfully
 2022-03-27 18:18:32,322  INFO [main] Logs:51 - Submit Button Pressed Successfully
 2022-03-27 18:18:34,388  INFO [main] Logs:51 - Verify Sign In User
 2022-03-27 18:18:34,389  INFO [main] Logs:41 - +++++++++++++++++++++++                                 -E---N---D-             ++++++++++++++++++++++
 2022-03-27 18:18:34,390  INFO [main] Logs:42 - +++++++++++++++++++++++             test_LoginWithUserAndVerifyLoggedInFlow             ++++++++++++++++++++++
 2022-03-27 18:18:34,396  INFO [main] Logs:26 - ******************************************************************************************************
 2022-03-27 18:18:34,397  INFO [main] Logs:27 - ***************************                                                  *************************
 2022-03-27 18:18:34,397  INFO [main] Logs:29 - +++++++++++++++++++++++++++  test_SearchForProduct  ++++++++++++++++++++++++++
 2022-03-27 18:18:34,397  INFO [main] Logs:31 - ***************************                                                   *************************
 2022-03-27 18:18:34,397  INFO [main] Logs:32 - *******************************************************************************************************
 2022-03-27 18:24:41,033 DEBUG [main] Logs:16 - Log4j appender configuration is successful !!
 2022-03-27 18:24:41,040  INFO [main] Logs:26 - ******************************************************************************************************
 2022-03-27 18:24:41,041  INFO [main] Logs:27 - ***************************                                                  *************************
 2022-03-27 18:24:41,045  INFO [main] Logs:29 - +++++++++++++++++++++++++++  test_LoginWithUserAndVerifyLoggedInFlow  ++++++++++++++++++++++++++
 2022-03-27 18:24:41,045  INFO [main] Logs:31 - ***************************                                                   *************************
 2022-03-27 18:24:41,045  INFO [main] Logs:32 - *******************************************************************************************************
 2022-03-27 18:24:41,108  INFO [main] Logs:51 - All Cookies Deleted
 2022-03-27 18:24:41,408  INFO [main] Logs:51 - Hover On Sign In Link
 2022-03-27 18:24:42,793  INFO [main] Logs:51 - Click On Sign In Button
 2022-03-27 18:24:43,049  INFO [main] Logs:51 - Email Typed Successfully
 2022-03-27 18:24:44,866  INFO [main] Logs:51 - Continue Button Pressed Successfully
 2022-03-27 18:24:45,114  INFO [main] Logs:51 - Password Typed Successfully
 2022-03-27 18:24:45,375  INFO [main] Logs:51 - Submit Button Pressed Successfully
 2022-03-27 18:24:47,662  INFO [main] Logs:51 - Verify Sign In User
 2022-03-27 18:24:47,664  INFO [main] Logs:41 - +++++++++++++++++++++++                                 -E---N---D-             ++++++++++++++++++++++
 2022-03-27 18:24:47,665  INFO [main] Logs:42 - +++++++++++++++++++++++             test_LoginWithUserAndVerifyLoggedInFlow             ++++++++++++++++++++++
 2022-03-27 18:24:47,670  INFO [main] Logs:26 - ******************************************************************************************************
 2022-03-27 18:24:47,670  INFO [main] Logs:27 - ***************************                                                  *************************
 2022-03-27 18:24:47,671  INFO [main] Logs:29 - +++++++++++++++++++++++++++  test_SearchForProduct  ++++++++++++++++++++++++++
 2022-03-27 18:24:47,671  INFO [main] Logs:31 - ***************************                                                   *************************
 2022-03-27 18:24:47,671  INFO [main] Logs:32 - *******************************************************************************************************
 2022-03-27 18:25:48,870 DEBUG [main] Logs:16 - Log4j appender configuration is successful !!
 2022-03-27 18:25:48,891  INFO [main] Logs:26 - ******************************************************************************************************
 2022-03-27 18:25:48,891  INFO [main] Logs:27 - ***************************                                                  *************************
 2022-03-27 18:25:48,894  INFO [main] Logs:29 - +++++++++++++++++++++++++++  test_LoginWithUserAndVerifyLoggedInFlow  ++++++++++++++++++++++++++
 2022-03-27 18:25:48,895  INFO [main] Logs:31 - ***************************                                                   *************************
 2022-03-27 18:25:48,895  INFO [main] Logs:32 - *******************************************************************************************************
 2022-03-27 18:25:48,973  INFO [main] Logs:51 - All Cookies Deleted
 2022-03-27 18:25:49,325  INFO [main] Logs:51 - Hover On Sign In Link
 2022-03-27 18:25:51,234  INFO [main] Logs:51 - Click On Sign In Button
 2022-03-27 18:25:51,421  INFO [main] Logs:51 - Email Typed Successfully
 2022-03-27 18:25:52,978  INFO [main] Logs:51 - Continue Button Pressed Successfully
 2022-03-27 18:25:53,109  INFO [main] Logs:51 - Password Typed Successfully
 2022-03-27 18:25:53,325  INFO [main] Logs:51 - Submit Button Pressed Successfully
 2022-03-27 18:25:57,045  INFO [main] Logs:51 - Verify Sign In User
 2022-03-27 18:25:57,046  INFO [main] Logs:41 - +++++++++++++++++++++++                                 -E---N---D-             ++++++++++++++++++++++
 2022-03-27 18:25:57,047  INFO [main] Logs:42 - +++++++++++++++++++++++             test_LoginWithUserAndVerifyLoggedInFlow             ++++++++++++++++++++++
 2022-03-27 18:25:57,048  INFO [main] Logs:26 - ******************************************************************************************************
 2022-03-27 18:25:57,048  INFO [main] Logs:27 - ***************************                                                  *************************
 2022-03-27 18:25:57,048  INFO [main] Logs:29 - +++++++++++++++++++++++++++  test_SearchForProduct  ++++++++++++++++++++++++++
 2022-03-27 18:25:57,048  INFO [main] Logs:31 - ***************************                                                   *************************
 2022-03-27 18:25:57,048  INFO [main] Logs:32 - *******************************************************************************************************
 2022-03-27 18:27:09,879 DEBUG [main] Logs:16 - Log4j appender configuration is successful !!
 2022-03-27 18:27:09,885  INFO [main] Logs:26 - ******************************************************************************************************
 2022-03-27 18:27:09,886  INFO [main] Logs:27 - ***************************                                                  *************************
 2022-03-27 18:27:09,899  INFO [main] Logs:29 - +++++++++++++++++++++++++++  test_LoginWithUserAndVerifyLoggedInFlow  ++++++++++++++++++++++++++
 2022-03-27 18:27:09,900  INFO [main] Logs:31 - ***************************                                                   *************************
 2022-03-27 18:27:09,902  INFO [main] Logs:32 - *******************************************************************************************************
 2022-03-27 18:27:10,013  INFO [main] Logs:51 - All Cookies Deleted
 2022-03-27 18:27:10,522  INFO [main] Logs:51 - Hover On Sign In Link
 2022-03-27 18:27:12,726  INFO [main] Logs:51 - Click On Sign In Button
 2022-03-27 18:27:12,910  INFO [main] Logs:51 - Email Typed Successfully
 2022-03-27 18:27:14,424  INFO [main] Logs:51 - Continue Button Pressed Successfully
 2022-03-27 18:27:14,580  INFO [main] Logs:51 - Password Typed Successfully
 2022-03-27 18:27:14,897  INFO [main] Logs:51 - Submit Button Pressed Successfully
 2022-03-27 18:27:17,910  INFO [main] Logs:51 - Verify Sign In User
 2022-03-27 18:27:17,911  INFO [main] Logs:41 - +++++++++++++++++++++++                                 -E---N---D-             ++++++++++++++++++++++
 2022-03-27 18:27:17,912  INFO [main] Logs:42 - +++++++++++++++++++++++             test_LoginWithUserAndVerifyLoggedInFlow             ++++++++++++++++++++++
 2022-03-27 18:27:17,914  INFO [main] Logs:26 - ******************************************************************************************************
 2022-03-27 18:27:17,914  INFO [main] Logs:27 - ***************************                                                  *************************
 2022-03-27 18:27:17,914  INFO [main] Logs:29 - +++++++++++++++++++++++++++  test_SearchForProduct  ++++++++++++++++++++++++++
 2022-03-27 18:27:17,915  INFO [main] Logs:31 - ***************************                                                   *************************
 2022-03-27 18:27:17,915  INFO [main] Logs:32 - *******************************************************************************************************
 2022-03-27 18:28:29,370 DEBUG [main] Logs:16 - Log4j appender configuration is successful !!
 2022-03-27 18:28:29,380  INFO [main] Logs:26 - ******************************************************************************************************
 2022-03-27 18:28:29,381  INFO [main] Logs:27 - ***************************                                                  *************************
 2022-03-27 18:28:29,384  INFO [main] Logs:29 - +++++++++++++++++++++++++++  test_LoginWithUserAndVerifyLoggedInFlow  ++++++++++++++++++++++++++
 2022-03-27 18:28:29,384  INFO [main] Logs:31 - ***************************                                                   *************************
 2022-03-27 18:28:29,385  INFO [main] Logs:32 - *******************************************************************************************************
 2022-03-27 18:28:29,559  INFO [main] Logs:51 - All Cookies Deleted
 2022-03-27 18:28:29,821  INFO [main] Logs:51 - Hover On Sign In Link
 2022-03-27 18:28:31,332  INFO [main] Logs:51 - Click On Sign In Button
 2022-03-27 18:28:31,511  INFO [main] Logs:51 - Email Typed Successfully
 2022-03-27 18:28:33,001  INFO [main] Logs:51 - Continue Button Pressed Successfully
 2022-03-27 18:28:33,131  INFO [main] Logs:51 - Password Typed Successfully
 2022-03-27 18:28:33,301  INFO [main] Logs:51 - Submit Button Pressed Successfully
 2022-03-27 18:28:36,302  INFO [main] Logs:51 - Verify Sign In User
 2022-03-27 18:28:36,304  INFO [main] Logs:41 - +++++++++++++++++++++++                                 -E---N---D-             ++++++++++++++++++++++
 2022-03-27 18:28:36,306  INFO [main] Logs:42 - +++++++++++++++++++++++             test_LoginWithUserAndVerifyLoggedInFlow             ++++++++++++++++++++++
 2022-03-27 18:28:36,308  INFO [main] Logs:26 - ******************************************************************************************************
 2022-03-27 18:28:36,308  INFO [main] Logs:27 - ***************************                                                  *************************
 2022-03-27 18:28:36,308  INFO [main] Logs:29 - +++++++++++++++++++++++++++  test_SearchForProduct  ++++++++++++++++++++++++++
 2022-03-27 18:28:36,308  INFO [main] Logs:31 - ***************************                                                   *************************
 2022-03-27 18:28:36,309  INFO [main] Logs:32 - *******************************************************************************************************
 2022-03-27 18:30:04,544 DEBUG [main] Logs:16 - Log4j appender configuration is successful !!
 2022-03-27 18:30:04,548  INFO [main] Logs:26 - ******************************************************************************************************
 2022-03-27 18:30:04,549  INFO [main] Logs:27 - ***************************                                                  *************************
 2022-03-27 18:30:04,550  INFO [main] Logs:29 - +++++++++++++++++++++++++++  test_LoginWithUserAndVerifyLoggedInFlow  ++++++++++++++++++++++++++
 2022-03-27 18:30:04,551  INFO [main] Logs:31 - ***************************                                                   *************************
 2022-03-27 18:30:04,551  INFO [main] Logs:32 - *******************************************************************************************************
 2022-03-27 18:30:04,615  INFO [main] Logs:51 - All Cookies Deleted
 2022-03-27 18:30:04,815  INFO [main] Logs:51 - Hover On Sign In Link
 2022-03-27 18:30:06,550  INFO [main] Logs:51 - Click On Sign In Button
 2022-03-27 18:30:06,731  INFO [main] Logs:51 - Email Typed Successfully
 2022-03-27 18:30:08,261  INFO [main] Logs:51 - Continue Button Pressed Successfully
 2022-03-27 18:30:08,405  INFO [main] Logs:51 - Password Typed Successfully
 2022-03-27 18:30:08,595  INFO [main] Logs:51 - Submit Button Pressed Successfully
 2022-03-27 18:30:11,865  INFO [main] Logs:51 - Verify Sign In User
 2022-03-27 18:30:11,866  INFO [main] Logs:41 - +++++++++++++++++++++++                                 -E---N---D-             ++++++++++++++++++++++
 2022-03-27 18:30:11,866  INFO [main] Logs:42 - +++++++++++++++++++++++             test_LoginWithUserAndVerifyLoggedInFlow             ++++++++++++++++++++++
 2022-03-27 18:30:11,868  INFO [main] Logs:26 - ******************************************************************************************************
 2022-03-27 18:30:11,868  INFO [main] Logs:27 - ***************************                                                  *************************
 2022-03-27 18:30:11,868  INFO [main] Logs:29 - +++++++++++++++++++++++++++  test_SearchForProduct  ++++++++++++++++++++++++++
 2022-03-27 18:30:11,869  INFO [main] Logs:31 - ***************************                                                   *************************
 2022-03-27 18:30:11,869  INFO [main] Logs:32 - *******************************************************************************************************
 2022-03-27 18:31:35,629 DEBUG [main] Logs:16 - Log4j appender configuration is successful !!
 2022-03-27 18:31:35,633  INFO [main] Logs:26 - ******************************************************************************************************
 2022-03-27 18:31:35,633  INFO [main] Logs:27 - ***************************                                                  *************************
 2022-03-27 18:31:35,638  INFO [main] Logs:29 - +++++++++++++++++++++++++++  test_LoginWithUserAndVerifyLoggedInFlow  ++++++++++++++++++++++++++
 2022-03-27 18:31:35,639  INFO [main] Logs:31 - ***************************                                                   *************************
 2022-03-27 18:31:35,639  INFO [main] Logs:32 - *******************************************************************************************************
 2022-03-27 18:31:35,713  INFO [main] Logs:51 - All Cookies Deleted
 2022-03-27 18:31:35,937  INFO [main] Logs:51 - Hover On Sign In Link
 2022-03-27 18:31:37,256  INFO [main] Logs:51 - Click On Sign In Button
 2022-03-27 18:31:37,439  INFO [main] Logs:51 - Email Typed Successfully
 2022-03-27 18:31:38,837  INFO [main] Logs:51 - Continue Button Pressed Successfully
 2022-03-27 18:31:38,997  INFO [main] Logs:51 - Password Typed Successfully
 2022-03-27 18:31:39,181  INFO [main] Logs:51 - Submit Button Pressed Successfully
 2022-03-27 18:31:42,200  INFO [main] Logs:51 - Verify Sign In User
 2022-03-27 18:31:42,200  INFO [main] Logs:41 - +++++++++++++++++++++++                                 -E---N---D-             ++++++++++++++++++++++
 2022-03-27 18:31:42,200  INFO [main] Logs:42 - +++++++++++++++++++++++             test_LoginWithUserAndVerifyLoggedInFlow             ++++++++++++++++++++++
 2022-03-27 18:31:42,216  INFO [main] Logs:26 - ******************************************************************************************************
 2022-03-27 18:31:42,217  INFO [main] Logs:27 - ***************************                                                  *************************
 2022-03-27 18:31:42,219  INFO [main] Logs:29 - +++++++++++++++++++++++++++  test_SearchForProduct  ++++++++++++++++++++++++++
 2022-03-27 18:31:42,220  INFO [main] Logs:31 - ***************************                                                   *************************
 2022-03-27 18:31:42,221  INFO [main] Logs:32 - *******************************************************************************************************
 2022-03-27 18:32:57,735 DEBUG [main] Logs:16 - Log4j appender configuration is successful !!
 2022-03-27 18:32:57,740  INFO [main] Logs:26 - ******************************************************************************************************
 2022-03-27 18:32:57,741  INFO [main] Logs:27 - ***************************                                                  *************************
 2022-03-27 18:32:57,742  INFO [main] Logs:29 - +++++++++++++++++++++++++++  test_LoginWithUserAndVerifyLoggedInFlow  ++++++++++++++++++++++++++
 2022-03-27 18:32:57,742  INFO [main] Logs:31 - ***************************                                                   *************************
 2022-03-27 18:32:57,743  INFO [main] Logs:32 - *******************************************************************************************************
 2022-03-27 18:32:57,801  INFO [main] Logs:51 - All Cookies Deleted
 2022-03-27 18:32:57,982  INFO [main] Logs:51 - Hover On Sign In Link
 2022-03-27 18:32:59,849  INFO [main] Logs:51 - Click On Sign In Button
 2022-03-27 18:33:00,073  INFO [main] Logs:51 - Email Typed Successfully
 2022-03-27 18:33:01,662  INFO [main] Logs:51 - Continue Button Pressed Successfully
 2022-03-27 18:33:01,793  INFO [main] Logs:51 - Password Typed Successfully
 2022-03-27 18:33:01,972  INFO [main] Logs:51 - Submit Button Pressed Successfully
 2022-03-27 18:33:06,091  INFO [main] Logs:51 - Verify Sign In User
 2022-03-27 18:33:06,092  INFO [main] Logs:41 - +++++++++++++++++++++++                                 -E---N---D-             ++++++++++++++++++++++
 2022-03-27 18:33:06,092  INFO [main] Logs:42 - +++++++++++++++++++++++             test_LoginWithUserAndVerifyLoggedInFlow             ++++++++++++++++++++++
 2022-03-27 18:33:06,094  INFO [main] Logs:26 - ******************************************************************************************************
 2022-03-27 18:33:06,094  INFO [main] Logs:27 - ***************************                                                  *************************
 2022-03-27 18:33:06,094  INFO [main] Logs:29 - +++++++++++++++++++++++++++  test_SearchForProduct  ++++++++++++++++++++++++++
 2022-03-27 18:33:06,094  INFO [main] Logs:31 - ***************************                                                   *************************
 2022-03-27 18:33:06,094  INFO [main] Logs:32 - *******************************************************************************************************
 2022-03-27 18:37:18,493 DEBUG [main] Logs:16 - Log4j appender configuration is successful !!
 2022-03-27 18:37:18,516  INFO [main] Logs:26 - ******************************************************************************************************
 2022-03-27 18:37:18,516  INFO [main] Logs:27 - ***************************                                                  *************************
 2022-03-27 18:37:18,528  INFO [main] Logs:29 - +++++++++++++++++++++++++++  test_LoginWithUserAndVerifyLoggedInFlow  ++++++++++++++++++++++++++
 2022-03-27 18:37:18,529  INFO [main] Logs:31 - ***************************                                                   *************************
 2022-03-27 18:37:18,532  INFO [main] Logs:32 - *******************************************************************************************************
 2022-03-27 18:37:18,633  INFO [main] Logs:51 - All Cookies Deleted
 2022-03-27 18:37:18,862  INFO [main] Logs:51 - Hover On Sign In Link
 2022-03-27 18:37:21,520  INFO [main] Logs:51 - Click On Sign In Button
 2022-03-27 18:37:22,775  INFO [main] Logs:51 - Email Typed Successfully
 2022-03-27 18:37:24,176  INFO [main] Logs:51 - Continue Button Pressed Successfully
 2022-03-27 18:37:24,309  INFO [main] Logs:51 - Password Typed Successfully
 2022-03-27 18:37:24,493  INFO [main] Logs:51 - Submit Button Pressed Successfully
 2022-03-27 18:37:26,906  INFO [main] Logs:51 - Verify Sign In User
 2022-03-27 18:37:26,907  INFO [main] Logs:41 - +++++++++++++++++++++++                                 -E---N---D-             ++++++++++++++++++++++
 2022-03-27 18:37:26,908  INFO [main] Logs:42 - +++++++++++++++++++++++             test_LoginWithUserAndVerifyLoggedInFlow             ++++++++++++++++++++++
 2022-03-27 18:37:26,909  INFO [main] Logs:26 - ******************************************************************************************************
 2022-03-27 18:37:26,910  INFO [main] Logs:27 - ***************************                                                  *************************
 2022-03-27 18:37:26,910  INFO [main] Logs:29 - +++++++++++++++++++++++++++  test_SearchForProduct  ++++++++++++++++++++++++++
 2022-03-27 18:37:26,910  INFO [main] Logs:31 - ***************************                                                   *************************
 2022-03-27 18:37:26,910  INFO [main] Logs:32 - *******************************************************************************************************
 2022-03-27 18:38:51,507 DEBUG [main] Logs:16 - Log4j appender configuration is successful !!
 2022-03-27 18:38:51,512  INFO [main] Logs:26 - ******************************************************************************************************
 2022-03-27 18:38:51,512  INFO [main] Logs:27 - ***************************                                                  *************************
 2022-03-27 18:38:51,517  INFO [main] Logs:29 - +++++++++++++++++++++++++++  test_LoginWithUserAndVerifyLoggedInFlow  ++++++++++++++++++++++++++
 2022-03-27 18:38:51,517  INFO [main] Logs:31 - ***************************                                                   *************************
 2022-03-27 18:38:51,517  INFO [main] Logs:32 - *******************************************************************************************************
 2022-03-27 18:38:51,683  INFO [main] Logs:51 - All Cookies Deleted
 2022-03-27 18:38:51,974  INFO [main] Logs:51 - Hover On Sign In Link
 2022-03-27 18:38:53,863  INFO [main] Logs:51 - Click On Sign In Button
 2022-03-27 18:38:54,044  INFO [main] Logs:51 - Email Typed Successfully
 2022-03-27 18:38:55,524  INFO [main] Logs:51 - Continue Button Pressed Successfully
 2022-03-27 18:38:55,677  INFO [main] Logs:51 - Password Typed Successfully
 2022-03-27 18:38:55,867  INFO [main] Logs:51 - Submit Button Pressed Successfully
 2022-03-27 18:38:58,790  INFO [main] Logs:51 - Verify Sign In User
 2022-03-27 18:38:58,792  INFO [main] Logs:41 - +++++++++++++++++++++++                                 -E---N---D-             ++++++++++++++++++++++
 2022-03-27 18:38:58,793  INFO [main] Logs:42 - +++++++++++++++++++++++             test_LoginWithUserAndVerifyLoggedInFlow             ++++++++++++++++++++++
 2022-03-27 18:38:58,794  INFO [main] Logs:26 - ******************************************************************************************************
 2022-03-27 18:38:58,795  INFO [main] Logs:27 - ***************************                                                  *************************
 2022-03-27 18:38:58,795  INFO [main] Logs:29 - +++++++++++++++++++++++++++  test_SearchForProduct  ++++++++++++++++++++++++++
 2022-03-27 18:38:58,795  INFO [main] Logs:31 - ***************************                                                   *************************
 2022-03-27 18:38:58,795  INFO [main] Logs:32 - *******************************************************************************************************
 2022-03-27 18:39:54,400 DEBUG [main] Logs:16 - Log4j appender configuration is successful !!
 2022-03-27 18:39:54,406  INFO [main] Logs:26 - ******************************************************************************************************
 2022-03-27 18:39:54,406  INFO [main] Logs:27 - ***************************                                                  *************************
 2022-03-27 18:39:54,408  INFO [main] Logs:29 - +++++++++++++++++++++++++++  test_LoginWithUserAndVerifyLoggedInFlow  ++++++++++++++++++++++++++
 2022-03-27 18:39:54,409  INFO [main] Logs:31 - ***************************                                                   *************************
 2022-03-27 18:39:54,409  INFO [main] Logs:32 - *******************************************************************************************************
 2022-03-27 18:39:54,469  INFO [main] Logs:51 - All Cookies Deleted
 2022-03-27 18:39:54,709  INFO [main] Logs:51 - Hover On Sign In Link
 2022-03-27 18:39:56,206  INFO [main] Logs:51 - Click On Sign In Button
 2022-03-27 18:39:56,428  INFO [main] Logs:51 - Email Typed Successfully
 2022-03-27 18:39:57,898  INFO [main] Logs:51 - Continue Button Pressed Successfully
 2022-03-27 18:39:58,029  INFO [main] Logs:51 - Password Typed Successfully
 2022-03-27 18:39:58,207  INFO [main] Logs:51 - Submit Button Pressed Successfully
 2022-03-27 18:40:00,535  INFO [main] Logs:51 - Verify Sign In User
 2022-03-27 18:40:00,540  INFO [main] Logs:41 - +++++++++++++++++++++++                                 -E---N---D-             ++++++++++++++++++++++
 2022-03-27 18:40:00,541  INFO [main] Logs:42 - +++++++++++++++++++++++             test_LoginWithUserAndVerifyLoggedInFlow             ++++++++++++++++++++++
 2022-03-27 18:40:00,543  INFO [main] Logs:26 - ******************************************************************************************************
 2022-03-27 18:40:00,543  INFO [main] Logs:27 - ***************************                                                  *************************
 2022-03-27 18:40:00,543  INFO [main] Logs:29 - +++++++++++++++++++++++++++  test_SearchForProduct  ++++++++++++++++++++++++++
 2022-03-27 18:40:00,544  INFO [main] Logs:31 - ***************************                                                   *************************
 2022-03-27 18:40:00,544  INFO [main] Logs:32 - *******************************************************************************************************
 2022-03-27 18:41:04,697 DEBUG [main] Logs:16 - Log4j appender configuration is successful !!
 2022-03-27 18:41:04,700  INFO [main] Logs:26 - ******************************************************************************************************
 2022-03-27 18:41:04,700  INFO [main] Logs:27 - ***************************                                                  *************************
 2022-03-27 18:41:04,702  INFO [main] Logs:29 - +++++++++++++++++++++++++++  test_LoginWithUserAndVerifyLoggedInFlow  ++++++++++++++++++++++++++
 2022-03-27 18:41:04,703  INFO [main] Logs:31 - ***************************                                                   *************************
 2022-03-27 18:41:04,703  INFO [main] Logs:32 - *******************************************************************************************************
 2022-03-27 18:41:04,769  INFO [main] Logs:51 - All Cookies Deleted
 2022-03-27 18:41:05,008  INFO [main] Logs:51 - Hover On Sign In Link
 2022-03-27 18:41:06,063  INFO [main] Logs:51 - Click On Sign In Button
 2022-03-27 18:41:06,247  INFO [main] Logs:51 - Email Typed Successfully
 2022-03-27 18:41:07,543  INFO [main] Logs:51 - Continue Button Pressed Successfully
 2022-03-27 18:41:07,799  INFO [main] Logs:51 - Password Typed Successfully
 2022-03-27 18:41:08,074  INFO [main] Logs:51 - Submit Button Pressed Successfully
 2022-03-27 18:41:10,098  INFO [main] Logs:51 - Verify Sign In User
 2022-03-27 18:41:10,099  INFO [main] Logs:41 - +++++++++++++++++++++++                                 -E---N---D-             ++++++++++++++++++++++
 2022-03-27 18:41:10,100  INFO [main] Logs:42 - +++++++++++++++++++++++             test_LoginWithUserAndVerifyLoggedInFlow             ++++++++++++++++++++++
 2022-03-27 18:41:10,101  INFO [main] Logs:26 - ******************************************************************************************************
 2022-03-27 18:41:10,101  INFO [main] Logs:27 - ***************************                                                  *************************
 2022-03-27 18:41:10,101  INFO [main] Logs:29 - +++++++++++++++++++++++++++  test_SearchForProduct  ++++++++++++++++++++++++++
 2022-03-27 18:41:10,101  INFO [main] Logs:31 - ***************************                                                   *************************
 2022-03-27 18:41:10,102  INFO [main] Logs:32 - *******************************************************************************************************
 2022-03-27 18:42:28,951 DEBUG [main] Logs:16 - Log4j appender configuration is successful !!
 2022-03-27 18:42:28,963  INFO [main] Logs:26 - ******************************************************************************************************
 2022-03-27 18:42:28,963  INFO [main] Logs:27 - ***************************                                                  *************************
 2022-03-27 18:42:28,966  INFO [main] Logs:29 - +++++++++++++++++++++++++++  test_LoginWithUserAndVerifyLoggedInFlow  ++++++++++++++++++++++++++
 2022-03-27 18:42:28,967  INFO [main] Logs:31 - ***************************                                                   *************************
 2022-03-27 18:42:28,968  INFO [main] Logs:32 - *******************************************************************************************************
 2022-03-27 18:42:29,034  INFO [main] Logs:51 - All Cookies Deleted
 2022-03-27 18:42:29,275  INFO [main] Logs:51 - Hover On Sign In Link
 2022-03-27 18:42:31,100  INFO [main] Logs:51 - Click On Sign In Button
 2022-03-27 18:42:31,812  INFO [main] Logs:51 - Email Typed Successfully
 2022-03-27 18:42:33,957  INFO [main] Logs:51 - Continue Button Pressed Successfully
 2022-03-27 18:42:34,124  INFO [main] Logs:51 - Password Typed Successfully
 2022-03-27 18:42:34,342  INFO [main] Logs:51 - Submit Button Pressed Successfully
 2022-03-27 18:42:37,733  INFO [main] Logs:51 - Verify Sign In User
 2022-03-27 18:42:37,734  INFO [main] Logs:41 - +++++++++++++++++++++++                                 -E---N---D-             ++++++++++++++++++++++
 2022-03-27 18:42:37,735  INFO [main] Logs:42 - +++++++++++++++++++++++             test_LoginWithUserAndVerifyLoggedInFlow             ++++++++++++++++++++++
 2022-03-27 18:42:37,741  INFO [main] Logs:26 - ******************************************************************************************************
 2022-03-27 18:42:37,741  INFO [main] Logs:27 - ***************************                                                  *************************
 2022-03-27 18:42:37,741  INFO [main] Logs:29 - +++++++++++++++++++++++++++  test_SearchForProduct  ++++++++++++++++++++++++++
 2022-03-27 18:42:37,741  INFO [main] Logs:31 - ***************************                                                   *************************
 2022-03-27 18:42:37,742  INFO [main] Logs:32 - *******************************************************************************************************
 2022-03-27 18:43:06,691 DEBUG [main] Logs:16 - Log4j appender configuration is successful !!
 2022-03-27 18:43:06,691  INFO [main] Logs:26 - ******************************************************************************************************
 2022-03-27 18:43:06,691  INFO [main] Logs:27 - ***************************                                                  *************************
 2022-03-27 18:43:06,701  INFO [main] Logs:29 - +++++++++++++++++++++++++++  test_LoginWithUserAndVerifyLoggedInFlow  ++++++++++++++++++++++++++
 2022-03-27 18:43:06,701  INFO [main] Logs:31 - ***************************                                                   *************************
 2022-03-27 18:43:06,701  INFO [main] Logs:32 - *******************************************************************************************************
 2022-03-27 18:43:06,805  INFO [main] Logs:51 - All Cookies Deleted
 2022-03-27 18:43:07,004  INFO [main] Logs:51 - Hover On Sign In Link
 2022-03-27 18:43:08,493  INFO [main] Logs:51 - Click On Sign In Button
 2022-03-27 18:43:08,662  INFO [main] Logs:51 - Email Typed Successfully
 2022-03-27 18:43:09,970  INFO [main] Logs:51 - Continue Button Pressed Successfully
 2022-03-27 18:43:10,094  INFO [main] Logs:51 - Password Typed Successfully
 2022-03-27 18:43:10,278  INFO [main] Logs:51 - Submit Button Pressed Successfully
 2022-03-27 18:43:12,974  INFO [main] Logs:51 - Verify Sign In User
 2022-03-27 18:43:12,975  INFO [main] Logs:41 - +++++++++++++++++++++++                                 -E---N---D-             ++++++++++++++++++++++
 2022-03-27 18:43:12,975  INFO [main] Logs:42 - +++++++++++++++++++++++             test_LoginWithUserAndVerifyLoggedInFlow             ++++++++++++++++++++++
 2022-03-27 18:43:12,977  INFO [main] Logs:26 - ******************************************************************************************************
 2022-03-27 18:43:12,977  INFO [main] Logs:27 - ***************************                                                  *************************
 2022-03-27 18:43:12,977  INFO [main] Logs:29 - +++++++++++++++++++++++++++  test_SearchForProduct  ++++++++++++++++++++++++++
 2022-03-27 18:43:12,977  INFO [main] Logs:31 - ***************************                                                   *************************
 2022-03-27 18:43:12,977  INFO [main] Logs:32 - *******************************************************************************************************
 2022-03-27 18:47:01,890 DEBUG [main] Logs:16 - Log4j appender configuration is successful !!
 2022-03-27 18:47:01,890  INFO [main] Logs:26 - ******************************************************************************************************
 2022-03-27 18:47:01,890  INFO [main] Logs:27 - ***************************                                                  *************************
 2022-03-27 18:47:01,890  INFO [main] Logs:29 - +++++++++++++++++++++++++++  test_LoginWithUserAndVerifyLoggedInFlow  ++++++++++++++++++++++++++
 2022-03-27 18:47:01,890  INFO [main] Logs:31 - ***************************                                                   *************************
 2022-03-27 18:47:01,890  INFO [main] Logs:32 - *******************************************************************************************************
 2022-03-27 18:47:01,958  INFO [main] Logs:51 - All Cookies Deleted
 2022-03-27 18:47:06,763  INFO [main] Logs:51 - Hover On Sign In Link
 2022-03-27 18:47:11,508  INFO [main] Logs:51 - Click On Sign In Button
 2022-03-27 18:47:11,668  INFO [main] Logs:51 - Email Typed Successfully
 2022-03-27 18:47:13,190  INFO [main] Logs:51 - Continue Button Pressed Successfully
 2022-03-27 18:47:13,718  INFO [main] Logs:51 - Password Typed Successfully
 2022-03-27 18:47:13,856  INFO [main] Logs:51 - Submit Button Pressed Successfully
 2022-03-27 18:47:17,894  INFO [main] Logs:51 - Verify Sign In User
 2022-03-27 18:47:17,909  INFO [main] Logs:41 - +++++++++++++++++++++++                                 -E---N---D-             ++++++++++++++++++++++
 2022-03-27 18:47:17,909  INFO [main] Logs:42 - +++++++++++++++++++++++             test_LoginWithUserAndVerifyLoggedInFlow             ++++++++++++++++++++++
 2022-03-27 18:47:17,909  INFO [main] Logs:26 - ******************************************************************************************************
 2022-03-27 18:47:17,909  INFO [main] Logs:27 - ***************************                                                  *************************
 2022-03-27 18:47:17,909  INFO [main] Logs:29 - +++++++++++++++++++++++++++  test_SearchForProduct  ++++++++++++++++++++++++++
 2022-03-27 18:47:17,909  INFO [main] Logs:31 - ***************************                                                   *************************
 2022-03-27 18:47:17,909  INFO [main] Logs:32 - *******************************************************************************************************
 